{"level":"info","message":"Server running on localhost://3000","service":"Ride sharing Backend Project","timestamp":"2025-09-24T12:31:41.045Z"}
{"level":"info","message":"✅ MongoDB connected","service":"Ride sharing Backend Project","timestamp":"2025-09-24T12:31:42.310Z"}
{"level":"info","message":"Add user profile endpoint hit","service":"Ride sharing Backend Project","timestamp":"2025-09-24T12:31:46.668Z"}
{"level":"info","message":"Add user profile endpoint hit","service":"Ride sharing Backend Project","timestamp":"2025-09-24T12:32:09.507Z"}
{"level":"info","message":"User details has been save successfull in DB.","service":"Ride sharing Backend Project","timestamp":"2025-09-24T12:32:10.816Z"}
{"level":"info","message":"Server running on localhost://3000","service":"Ride sharing Backend Project","timestamp":"2025-09-24T12:41:25.912Z"}
{"level":"info","message":"✅ MongoDB connected","service":"Ride sharing Backend Project","timestamp":"2025-09-24T12:41:27.167Z"}
{"level":"info","message":"Add user profile endpoint hit","service":"Ride sharing Backend Project","timestamp":"2025-09-24T12:41:33.545Z"}
{"level":"info","message":"User Login endpont hit","service":"Ride sharing Backend Project","timestamp":"2025-09-24T12:41:48.646Z"}
{"buffer":{"data":[104,211,213,151,201,98,142,59,119,72,162,169],"type":"Buffer"},"level":"info","message":"Login successfully!","service":"Ride sharing Backend Project","timestamp":"2025-09-24T12:41:48.861Z"}
{"level":"info","message":"Hit Genrate token","service":"Ride sharing Backend Project","timestamp":"2025-09-24T12:41:48.863Z"}
{"level":"warn","message":"Already reference token in DB","service":"Ride sharing Backend Project","timestamp":"2025-09-24T12:41:48.953Z"}
{"level":"info","message":"Add user profile endpoint hit","service":"Ride sharing Backend Project","timestamp":"2025-09-24T12:42:05.333Z"}
{"level":"info","message":"Add user profile endpoint hit","service":"Ride sharing Backend Project","timestamp":"2025-09-24T12:42:13.231Z"}
{"level":"info","message":"User details saved successfully in DB.","service":"Ride sharing Backend Project","timestamp":"2025-09-24T12:42:13.422Z"}
{"level":"info","message":"Server running on localhost://3000","service":"Ride sharing Backend Project","timestamp":"2025-09-24T12:43:51.310Z"}
{"level":"info","message":"✅ MongoDB connected","service":"Ride sharing Backend Project","timestamp":"2025-09-24T12:43:52.577Z"}
{"level":"info","message":"Add user profile endpoint hit","service":"Ride sharing Backend Project","timestamp":"2025-09-24T12:45:01.676Z"}
{"level":"info","message":"Add user profile endpoint hit","service":"Ride sharing Backend Project","timestamp":"2025-09-24T12:45:38.234Z"}
{"level":"info","message":"User details saved successfully in DB.","service":"Ride sharing Backend Project","timestamp":"2025-09-24T12:45:38.426Z"}
{"level":"info","message":"User Login endpont hit","service":"Ride sharing Backend Project","timestamp":"2025-09-24T12:45:55.101Z"}
{"buffer":{"data":[104,211,213,141,201,98,142,59,119,72,162,166],"type":"Buffer"},"level":"info","message":"Login successfully!","service":"Ride sharing Backend Project","timestamp":"2025-09-24T12:45:55.304Z"}
{"level":"info","message":"Hit Genrate token","service":"Ride sharing Backend Project","timestamp":"2025-09-24T12:45:55.305Z"}
{"level":"warn","message":"Already reference token in DB","service":"Ride sharing Backend Project","timestamp":"2025-09-24T12:45:55.383Z"}
{"level":"info","message":"Add user profile endpoint hit","service":"Ride sharing Backend Project","timestamp":"2025-09-24T12:46:19.284Z"}
{"level":"info","message":"User details saved successfully in DB.","service":"Ride sharing Backend Project","timestamp":"2025-09-24T12:46:19.454Z"}
{"level":"info","message":"User Login endpont hit","service":"Ride sharing Backend Project","timestamp":"2025-09-24T12:46:31.281Z"}
{"buffer":{"data":[104,211,213,133,201,98,142,59,119,72,162,163],"type":"Buffer"},"level":"info","message":"Login successfully!","service":"Ride sharing Backend Project","timestamp":"2025-09-24T12:46:31.470Z"}
{"level":"info","message":"Hit Genrate token","service":"Ride sharing Backend Project","timestamp":"2025-09-24T12:46:31.470Z"}
{"level":"warn","message":"Already reference token in DB","service":"Ride sharing Backend Project","timestamp":"2025-09-24T12:46:31.540Z"}
{"level":"info","message":"Add user profile endpoint hit","service":"Ride sharing Backend Project","timestamp":"2025-09-24T12:46:51.572Z"}
{"level":"info","message":"Add user profile endpoint hit","service":"Ride sharing Backend Project","timestamp":"2025-09-24T12:47:03.568Z"}
{"level":"info","message":"User details saved successfully in DB.","service":"Ride sharing Backend Project","timestamp":"2025-09-24T12:47:03.723Z"}
{"level":"info","message":"User Login endpont hit","service":"Ride sharing Backend Project","timestamp":"2025-09-24T12:47:13.592Z"}
{"buffer":{"data":[104,211,145,8,157,103,93,173,46,80,136,142],"type":"Buffer"},"level":"info","message":"Login successfully!","service":"Ride sharing Backend Project","timestamp":"2025-09-24T12:47:13.819Z"}
{"level":"info","message":"Hit Genrate token","service":"Ride sharing Backend Project","timestamp":"2025-09-24T12:47:13.819Z"}
{"level":"warn","message":"Already reference token in DB","service":"Ride sharing Backend Project","timestamp":"2025-09-24T12:47:13.889Z"}
{"level":"info","message":"Add user profile endpoint hit","service":"Ride sharing Backend Project","timestamp":"2025-09-24T12:47:38.433Z"}
{"level":"info","message":"User details saved successfully in DB.","service":"Ride sharing Backend Project","timestamp":"2025-09-24T12:47:38.586Z"}
{"level":"info","message":"User Login endpont hit","service":"Ride sharing Backend Project","timestamp":"2025-09-24T12:47:49.092Z"}
{"buffer":{"data":[104,211,144,49,126,106,57,221,23,190,230,134],"type":"Buffer"},"level":"info","message":"Login successfully!","service":"Ride sharing Backend Project","timestamp":"2025-09-24T12:47:49.298Z"}
{"level":"info","message":"Hit Genrate token","service":"Ride sharing Backend Project","timestamp":"2025-09-24T12:47:49.298Z"}
{"level":"warn","message":"Already reference token in DB","service":"Ride sharing Backend Project","timestamp":"2025-09-24T12:47:49.368Z"}
{"level":"info","message":"Add user profile endpoint hit","service":"Ride sharing Backend Project","timestamp":"2025-09-24T12:48:19.936Z"}
{"level":"info","message":"User details saved successfully in DB.","service":"Ride sharing Backend Project","timestamp":"2025-09-24T12:48:20.104Z"}
{"level":"info","message":"Add user profile endpoint hit","service":"Ride sharing Backend Project","timestamp":"2025-09-24T12:48:23.141Z"}
{"level":"info","message":"Server running on localhost://3000","service":"Ride sharing Backend Project","timestamp":"2025-09-27T04:16:37.790Z"}
{"level":"info","message":"✅ MongoDB connected","service":"Ride sharing Backend Project","timestamp":"2025-09-27T04:16:39.284Z"}
{"level":"error","message":"Checking Header","service":"Ride sharing Backend Project","timestamp":"2025-09-27T04:16:44.517Z"}
{"level":"info","message":"Registraion endpont hit","service":"Ride sharing Backend Project","timestamp":"2025-09-27T04:16:57.087Z"}
{"level":"warn","message":"User Already exsit","service":"Ride sharing Backend Project","timestamp":"2025-09-27T04:16:57.265Z"}
{"level":"info","message":"User Login endpont hit","service":"Ride sharing Backend Project","timestamp":"2025-09-27T04:17:14.248Z"}
{"buffer":{"data":[104,211,145,8,157,103,93,173,46,80,136,142],"type":"Buffer"},"level":"info","message":"Login successfully!","service":"Ride sharing Backend Project","timestamp":"2025-09-27T04:17:15.885Z"}
{"level":"info","message":"Hit Genrate token","service":"Ride sharing Backend Project","timestamp":"2025-09-27T04:17:15.899Z"}
{"level":"warn","message":"Already reference token in DB","service":"Ride sharing Backend Project","timestamp":"2025-09-27T04:17:16.092Z"}
{"level":"info","message":"Get all user profile endpoint hit","service":"Ride sharing Backend Project","timestamp":"2025-09-27T04:17:47.018Z"}
{"level":"info","message":"User found from DB","service":"Ride sharing Backend Project","timestamp":"2025-09-27T04:17:47.205Z"}
{"level":"info","message":"Server running on localhost://3000","service":"Ride sharing Backend Project","timestamp":"2025-09-27T04:20:33.642Z"}
{"level":"info","message":"✅ MongoDB connected","service":"Ride sharing Backend Project","timestamp":"2025-09-27T04:20:34.945Z"}
{"level":"info","message":"Server running on localhost://3000","service":"Ride sharing Backend Project","timestamp":"2025-09-27T04:31:42.398Z"}
{"level":"info","message":"✅ MongoDB connected","service":"Ride sharing Backend Project","timestamp":"2025-09-27T04:31:43.739Z"}
{"level":"info","message":"Server running on localhost://3000","service":"Ride sharing Backend Project","timestamp":"2025-09-27T04:32:23.074Z"}
{"level":"info","message":"✅ MongoDB connected","service":"Ride sharing Backend Project","timestamp":"2025-09-27T04:32:24.202Z"}
{"level":"info","message":"Server running on localhost://3000","service":"Ride sharing Backend Project","timestamp":"2025-09-27T04:44:48.944Z"}
{"level":"info","message":"✅ MongoDB connected","service":"Ride sharing Backend Project","timestamp":"2025-09-27T04:44:50.235Z"}
{"level":"info","message":"Server running on localhost://3000","service":"Ride sharing Backend Project","timestamp":"2025-09-27T04:46:29.085Z"}
{"level":"info","message":"✅ MongoDB connected","service":"Ride sharing Backend Project","timestamp":"2025-09-27T04:46:30.499Z"}
{"level":"info","message":"Server running on localhost://3000","service":"Ride sharing Backend Project","timestamp":"2025-09-27T04:51:17.358Z"}
{"level":"info","message":"✅ MongoDB connected","service":"Ride sharing Backend Project","timestamp":"2025-09-27T04:51:18.668Z"}
{"level":"info","message":"Server running on localhost://3000","service":"Ride sharing Backend Project","timestamp":"2025-09-27T04:52:47.028Z"}
{"level":"info","message":"✅ MongoDB connected","service":"Ride sharing Backend Project","timestamp":"2025-09-27T04:52:48.374Z"}
{"level":"error","message":"Checking Header","service":"Ride sharing Backend Project","timestamp":"2025-09-27T04:53:41.872Z"}
{"level":"info","message":"User Login endpont hit","service":"Ride sharing Backend Project","timestamp":"2025-09-27T04:54:03.637Z"}
{"buffer":{"data":[104,211,213,133,201,98,142,59,119,72,162,163],"type":"Buffer"},"level":"info","message":"Login successfully!","service":"Ride sharing Backend Project","timestamp":"2025-09-27T04:54:03.866Z"}
{"level":"info","message":"Hit Genrate token","service":"Ride sharing Backend Project","timestamp":"2025-09-27T04:54:03.870Z"}
{"level":"warn","message":"Already reference token in DB","service":"Ride sharing Backend Project","timestamp":"2025-09-27T04:54:03.950Z"}
{"level":"info","message":"Add driver details endpoint hit","service":"Ride sharing Backend Project","timestamp":"2025-09-27T04:54:27.537Z"}
{"level":"info","message":"Add driver details endpoint hit","service":"Ride sharing Backend Project","timestamp":"2025-09-27T04:57:03.619Z"}
{"level":"info","message":"Driver details saved successfully in DB.","service":"Ride sharing Backend Project","timestamp":"2025-09-27T04:57:03.799Z"}
{"level":"info","message":"User Login endpont hit","service":"Ride sharing Backend Project","timestamp":"2025-09-27T04:59:09.625Z"}
{"buffer":{"data":[104,211,213,133,201,98,142,59,119,72,162,163],"type":"Buffer"},"level":"info","message":"Login successfully!","service":"Ride sharing Backend Project","timestamp":"2025-09-27T04:59:09.948Z"}
{"level":"info","message":"Hit Genrate token","service":"Ride sharing Backend Project","timestamp":"2025-09-27T04:59:09.959Z"}
{"level":"warn","message":"Already reference token in DB","service":"Ride sharing Backend Project","timestamp":"2025-09-27T04:59:10.036Z"}
{"level":"info","message":"Add driver details endpoint hit","service":"Ride sharing Backend Project","timestamp":"2025-09-27T04:59:19.465Z"}
{"level":"info","message":"Server running on localhost://3000","service":"Ride sharing Backend Project","timestamp":"2025-09-27T05:03:21.021Z"}
{"level":"info","message":"✅ MongoDB connected","service":"Ride sharing Backend Project","timestamp":"2025-09-27T05:03:22.392Z"}
{"level":"info","message":"Add driver details endpoint hit","service":"Ride sharing Backend Project","timestamp":"2025-09-27T05:07:51.603Z"}
{"level":"info","message":"Driver details saved successfully in DB.","service":"Ride sharing Backend Project","timestamp":"2025-09-27T05:07:51.824Z"}
{"level":"info","message":"Server running on localhost://3000","service":"Ride sharing Backend Project","timestamp":"2025-09-27T05:10:10.149Z"}
{"level":"info","message":"✅ MongoDB connected","service":"Ride sharing Backend Project","timestamp":"2025-09-27T05:10:11.530Z"}
{"level":"info","message":"Add driver details endpoint hit","service":"Ride sharing Backend Project","timestamp":"2025-09-27T05:10:18.530Z"}
{"level":"info","message":"Driver details saved successfully in DB.","service":"Ride sharing Backend Project","timestamp":"2025-09-27T05:10:18.727Z"}
{"level":"info","message":"Server running on localhost://3000","service":"Ride sharing Backend Project","timestamp":"2025-09-27T05:11:22.736Z"}
{"level":"info","message":"✅ MongoDB connected","service":"Ride sharing Backend Project","timestamp":"2025-09-27T05:11:24.056Z"}
{"level":"info","message":"Add driver details endpoint hit","service":"Ride sharing Backend Project","timestamp":"2025-09-27T05:11:27.932Z"}
{"level":"info","message":"Driver details saved successfully in DB.","service":"Ride sharing Backend Project","timestamp":"2025-09-27T05:11:28.136Z"}
{"level":"info","message":"Server running on localhost://3000","service":"Ride sharing Backend Project","timestamp":"2025-09-27T05:12:00.993Z"}
{"level":"info","message":"✅ MongoDB connected","service":"Ride sharing Backend Project","timestamp":"2025-09-27T05:12:02.197Z"}
{"level":"info","message":"Add driver details endpoint hit","service":"Ride sharing Backend Project","timestamp":"2025-09-27T05:12:32.261Z"}
{"level":"error","message":"Internal server error! err is not defined","service":"Ride sharing Backend Project","timestamp":"2025-09-27T05:12:32.346Z"}
{"level":"info","message":"Server running on localhost://3000","service":"Ride sharing Backend Project","timestamp":"2025-09-27T05:13:13.968Z"}
{"level":"info","message":"✅ MongoDB connected","service":"Ride sharing Backend Project","timestamp":"2025-09-27T05:13:15.375Z"}
{"level":"info","message":"Add driver details endpoint hit","service":"Ride sharing Backend Project","timestamp":"2025-09-27T05:13:19.650Z"}
{"level":"error","message":"Internal server error! err is not defined","service":"Ride sharing Backend Project","timestamp":"2025-09-27T05:13:19.745Z"}
{"level":"info","message":"Server running on localhost://3000","service":"Ride sharing Backend Project","timestamp":"2025-09-27T05:13:41.391Z"}
{"level":"info","message":"✅ MongoDB connected","service":"Ride sharing Backend Project","timestamp":"2025-09-27T05:13:42.559Z"}
{"level":"info","message":"Add driver details endpoint hit","service":"Ride sharing Backend Project","timestamp":"2025-09-27T05:13:42.818Z"}
{"level":"warn","message":"Validation error","service":"Ride sharing Backend Project","timestamp":"2025-09-27T05:13:43.077Z"}
{"level":"info","message":"Add driver details endpoint hit","service":"Ride sharing Backend Project","timestamp":"2025-09-27T05:14:25.696Z"}
{"level":"info","message":"Driver details saved successfully in DB.","service":"Ride sharing Backend Project","timestamp":"2025-09-27T05:14:25.893Z"}
{"level":"info","message":"Server running on localhost://3000","service":"Ride sharing Backend Project","timestamp":"2025-09-27T05:24:05.242Z"}
{"level":"info","message":"✅ MongoDB connected","service":"Ride sharing Backend Project","timestamp":"2025-09-27T05:24:06.633Z"}
{"level":"info","message":"Server running on localhost://3000","service":"Ride sharing Backend Project","timestamp":"2025-09-27T05:30:33.294Z"}
{"level":"info","message":"✅ MongoDB connected","service":"Ride sharing Backend Project","timestamp":"2025-09-27T05:30:34.518Z"}
{"level":"info","message":"Server running on localhost://3000","service":"Ride sharing Backend Project","timestamp":"2025-09-27T05:31:18.226Z"}
{"level":"info","message":"✅ MongoDB connected","service":"Ride sharing Backend Project","timestamp":"2025-09-27T05:31:19.389Z"}
{"level":"warn","message":"Validation error","service":"Ride sharing Backend Project","timestamp":"2025-09-27T05:34:51.867Z"}
{"level":"info","message":"Server running on localhost://3000","service":"Ride sharing Backend Project","timestamp":"2025-09-27T05:35:32.729Z"}
{"level":"info","message":"✅ MongoDB connected","service":"Ride sharing Backend Project","timestamp":"2025-09-27T05:35:34.247Z"}
{"level":"warn","message":"Validation error","service":"Ride sharing Backend Project","timestamp":"2025-09-27T05:35:40.595Z"}
{"level":"info","message":"User Login endpont hit","service":"Ride sharing Backend Project","timestamp":"2025-09-27T05:36:03.537Z"}
{"buffer":{"data":[104,211,213,141,201,98,142,59,119,72,162,166],"type":"Buffer"},"level":"info","message":"Login successfully!","service":"Ride sharing Backend Project","timestamp":"2025-09-27T05:36:03.750Z"}
{"level":"info","message":"Hit Genrate token","service":"Ride sharing Backend Project","timestamp":"2025-09-27T05:36:03.752Z"}
{"level":"warn","message":"Already reference token in DB","service":"Ride sharing Backend Project","timestamp":"2025-09-27T05:36:03.854Z"}
{"level":"info","message":"Add driver details endpoint hit","service":"Ride sharing Backend Project","timestamp":"2025-09-27T05:36:58.473Z"}
{"level":"error","message":"Internal server error! E11000 duplicate key error collection: test.driver_details index: license_number_1 dup key: { license_number: \"UP65 20010001234\" }","service":"Ride sharing Backend Project","timestamp":"2025-09-27T05:36:58.655Z"}
{"level":"info","message":"Add driver details endpoint hit","service":"Ride sharing Backend Project","timestamp":"2025-09-27T05:37:12.845Z"}
{"level":"error","message":"Internal server error! E11000 duplicate key error collection: test.driver_details index: license_number_1 dup key: { license_number: \"UP65 20010001234\" }","service":"Ride sharing Backend Project","timestamp":"2025-09-27T05:37:12.997Z"}
{"level":"info","message":"Add driver details endpoint hit","service":"Ride sharing Backend Project","timestamp":"2025-09-27T05:37:54.126Z"}
{"level":"info","message":"Driver details saved successfully in DB.","service":"Ride sharing Backend Project","timestamp":"2025-09-27T05:37:54.298Z"}
{"level":"info","message":"User Login endpont hit","service":"Ride sharing Backend Project","timestamp":"2025-09-27T05:40:43.542Z"}
{"buffer":{"data":[104,211,145,8,157,103,93,173,46,80,136,142],"type":"Buffer"},"level":"info","message":"Login successfully!","service":"Ride sharing Backend Project","timestamp":"2025-09-27T05:40:43.763Z"}
{"level":"info","message":"Hit Genrate token","service":"Ride sharing Backend Project","timestamp":"2025-09-27T05:40:43.763Z"}
{"level":"warn","message":"Already reference token in DB","service":"Ride sharing Backend Project","timestamp":"2025-09-27T05:40:43.841Z"}
{"level":"info","message":"Server running on localhost://3000","service":"Ride sharing Backend Project","timestamp":"2025-09-27T05:42:41.390Z"}
{"level":"info","message":"✅ MongoDB connected","service":"Ride sharing Backend Project","timestamp":"2025-09-27T05:42:42.718Z"}
{"level":"info","message":"Server running on localhost://3000","service":"Ride sharing Backend Project","timestamp":"2025-09-27T05:49:10.679Z"}
{"level":"info","message":"✅ MongoDB connected","service":"Ride sharing Backend Project","timestamp":"2025-09-27T05:49:12.593Z"}
{"level":"info","message":"Server running on localhost://3000","service":"Ride sharing Backend Project","timestamp":"2025-09-27T05:49:44.807Z"}
{"level":"info","message":"✅ MongoDB connected","service":"Ride sharing Backend Project","timestamp":"2025-09-27T05:49:46.040Z"}
{"level":"info","message":"Server running on localhost://3000","service":"Ride sharing Backend Project","timestamp":"2025-09-27T06:16:02.999Z"}
{"level":"info","message":"✅ MongoDB connected","service":"Ride sharing Backend Project","timestamp":"2025-09-27T06:16:04.243Z"}
{"level":"info","message":"User Login endpont hit","service":"Ride sharing Backend Project","timestamp":"2025-09-27T06:17:00.448Z"}
{"buffer":{"data":[104,211,144,49,126,106,57,221,23,190,230,134],"type":"Buffer"},"level":"info","message":"Login successfully!","service":"Ride sharing Backend Project","timestamp":"2025-09-27T06:17:00.683Z"}
{"level":"info","message":"Hit Genrate token","service":"Ride sharing Backend Project","timestamp":"2025-09-27T06:17:00.685Z"}
{"level":"warn","message":"Already reference token in DB","service":"Ride sharing Backend Project","timestamp":"2025-09-27T06:17:00.863Z"}
{"level":"info","message":"User Login endpont hit","service":"Ride sharing Backend Project","timestamp":"2025-09-27T06:19:02.144Z"}
{"buffer":{"data":[104,211,213,151,201,98,142,59,119,72,162,169],"type":"Buffer"},"level":"info","message":"Login successfully!","service":"Ride sharing Backend Project","timestamp":"2025-09-27T06:19:02.367Z"}
{"level":"info","message":"Hit Genrate token","service":"Ride sharing Backend Project","timestamp":"2025-09-27T06:19:02.368Z"}
{"level":"warn","message":"Already reference token in DB","service":"Ride sharing Backend Project","timestamp":"2025-09-27T06:19:02.482Z"}
{"level":"info","message":"Add driver details endpoint hit","service":"Ride sharing Backend Project","timestamp":"2025-09-27T06:19:28.805Z"}
{"level":"info","message":"Driver details saved successfully in DB.","service":"Ride sharing Backend Project","timestamp":"2025-09-27T06:19:29.006Z"}
{"level":"info","message":"User Login endpont hit","service":"Ride sharing Backend Project","timestamp":"2025-09-27T06:19:37.838Z"}
{"buffer":{"data":[104,211,213,159,201,98,142,59,119,72,162,172],"type":"Buffer"},"level":"info","message":"Login successfully!","service":"Ride sharing Backend Project","timestamp":"2025-09-27T06:19:38.059Z"}
{"level":"info","message":"Hit Genrate token","service":"Ride sharing Backend Project","timestamp":"2025-09-27T06:19:38.060Z"}
{"level":"warn","message":"Already reference token in DB","service":"Ride sharing Backend Project","timestamp":"2025-09-27T06:19:38.147Z"}
{"level":"info","message":"Add driver details endpoint hit","service":"Ride sharing Backend Project","timestamp":"2025-09-27T06:20:06.522Z"}
{"level":"info","message":"Driver details saved successfully in DB.","service":"Ride sharing Backend Project","timestamp":"2025-09-27T06:20:06.809Z"}
{"level":"info","message":"User Login endpont hit","service":"Ride sharing Backend Project","timestamp":"2025-09-27T06:20:16.875Z"}
{"buffer":{"data":[104,211,213,170,201,98,142,59,119,72,162,175],"type":"Buffer"},"level":"info","message":"Login successfully!","service":"Ride sharing Backend Project","timestamp":"2025-09-27T06:20:17.120Z"}
{"level":"info","message":"Hit Genrate token","service":"Ride sharing Backend Project","timestamp":"2025-09-27T06:20:17.120Z"}
{"level":"warn","message":"Already reference token in DB","service":"Ride sharing Backend Project","timestamp":"2025-09-27T06:20:17.209Z"}
{"level":"info","message":"Add driver details endpoint hit","service":"Ride sharing Backend Project","timestamp":"2025-09-27T06:20:44.648Z"}
{"level":"info","message":"Driver details saved successfully in DB.","service":"Ride sharing Backend Project","timestamp":"2025-09-27T06:20:44.808Z"}
{"level":"info","message":"User Login endpont hit","service":"Ride sharing Backend Project","timestamp":"2025-09-27T06:20:53.909Z"}
{"level":"warn","message":"Sorry we are not found any user, Please sign up!","service":"Ride sharing Backend Project","timestamp":"2025-09-27T06:20:53.981Z"}
{"level":"error","message":"Internal server error occured! Cannot read properties of null (reading 'password')","service":"Ride sharing Backend Project","stack":"TypeError: Cannot read properties of null (reading 'password')\n    at userLogin (C:\\Users\\DELL\\Desktop\\Node JS Backend Project\\Ride-Sharing Backend\\Controller\\Auth-Controllers.js:86:38)\n    at process.processTicksAndRejections (node:internal/process/task_queues:105:5)","timestamp":"2025-09-27T06:20:53.983Z"}
{"level":"info","message":"User Login endpont hit","service":"Ride sharing Backend Project","timestamp":"2025-09-27T06:24:04.131Z"}
{"buffer":{"data":[104,211,213,170,201,98,142,59,119,72,162,175],"type":"Buffer"},"level":"info","message":"Login successfully!","service":"Ride sharing Backend Project","timestamp":"2025-09-27T06:24:04.369Z"}
{"level":"info","message":"Hit Genrate token","service":"Ride sharing Backend Project","timestamp":"2025-09-27T06:24:04.369Z"}
{"level":"warn","message":"Already reference token in DB","service":"Ride sharing Backend Project","timestamp":"2025-09-27T06:24:04.444Z"}
{"level":"info","message":"Server running on localhost://3000","service":"Ride sharing Backend Project","timestamp":"2025-09-27T06:32:59.430Z"}
{"level":"info","message":"✅ MongoDB connected","service":"Ride sharing Backend Project","timestamp":"2025-09-27T06:33:00.730Z"}
{"level":"info","message":"Server running on localhost://3000","service":"Ride sharing Backend Project","timestamp":"2025-09-27T06:36:10.934Z"}
{"level":"info","message":"✅ MongoDB connected","service":"Ride sharing Backend Project","timestamp":"2025-09-27T06:36:12.214Z"}
{"level":"info","message":"Server running on localhost://3000","service":"Ride sharing Backend Project","timestamp":"2025-09-27T06:37:21.234Z"}
{"level":"info","message":"✅ MongoDB connected","service":"Ride sharing Backend Project","timestamp":"2025-09-27T06:37:22.464Z"}
{"level":"info","message":"Server running on localhost://3000","service":"Ride sharing Backend Project","timestamp":"2025-09-27T06:37:31.106Z"}
{"level":"info","message":"✅ MongoDB connected","service":"Ride sharing Backend Project","timestamp":"2025-09-27T06:37:32.243Z"}
{"level":"info","message":"Server running on localhost://3000","service":"Ride sharing Backend Project","timestamp":"2025-09-27T06:38:57.408Z"}
{"level":"info","message":"✅ MongoDB connected","service":"Ride sharing Backend Project","timestamp":"2025-09-27T06:38:58.750Z"}
{"level":"error","message":"Internal server error occured! Cannot read properties of undefined (reading '0')","service":"Ride sharing Backend Project","stack":"TypeError: Cannot read properties of undefined (reading '0')\n    at RideRequest (C:\\Users\\DELL\\Desktop\\Node JS Backend Project\\Ride-Sharing Backend\\Controller\\Ride-Request-Controller.js:72:56)\n    at process.processTicksAndRejections (node:internal/process/task_queues:105:5)","timestamp":"2025-09-27T06:39:02.030Z"}
{"level":"info","message":"Server running on localhost://3000","service":"Ride sharing Backend Project","timestamp":"2025-09-27T06:40:02.458Z"}
{"level":"info","message":"✅ MongoDB connected","service":"Ride sharing Backend Project","timestamp":"2025-09-27T06:40:03.742Z"}
{"0":"\"","1":"d","10":" ","11":"i","12":"s","13":" ","14":"r","15":"e","16":"q","17":"u","18":"i","19":"r","2":"r","20":"e","21":"d","3":"o","4":"p","5":"_","6":"l","7":"a","8":"t","9":"\"","level":"warn","message":"Validation error","service":"Ride sharing Backend Project","timestamp":"2025-09-27T06:40:13.639Z"}
{"level":"info","message":"Server running on localhost://3000","service":"Ride sharing Backend Project","timestamp":"2025-09-27T06:40:51.475Z"}
{"level":"info","message":"✅ MongoDB connected","service":"Ride sharing Backend Project","timestamp":"2025-09-27T06:40:52.704Z"}
{"level":"warn","message":"Validation error \"drop_lat\" is required","service":"Ride sharing Backend Project","timestamp":"2025-09-27T06:40:54.358Z"}
{"level":"info","message":"Server running on localhost://3000","service":"Ride sharing Backend Project","timestamp":"2025-09-27T06:51:13.662Z"}
{"level":"info","message":"✅ MongoDB connected","service":"Ride sharing Backend Project","timestamp":"2025-09-27T06:51:14.990Z"}
{"level":"error","message":"Internal server error occured! findDriversWithDistance is not defined","service":"Ride sharing Backend Project","stack":"ReferenceError: findDriversWithDistance is not defined\n    at RideRequest (C:\\Users\\DELL\\Desktop\\Node JS Backend Project\\Ride-Sharing Backend\\Controller\\Ride-Request-Controller.js:85:24)\n    at process.processTicksAndRejections (node:internal/process/task_queues:105:5)","timestamp":"2025-09-27T06:51:25.222Z"}
{"level":"info","message":"Server running on localhost://3000","service":"Ride sharing Backend Project","timestamp":"2025-09-27T06:51:39.070Z"}
{"level":"info","message":"✅ MongoDB connected","service":"Ride sharing Backend Project","timestamp":"2025-09-27T06:51:40.254Z"}
{"level":"error","message":"Internal server error occured! findDriversWithDistance is not defined","service":"Ride sharing Backend Project","stack":"ReferenceError: findDriversWithDistance is not defined\n    at RideRequest (C:\\Users\\DELL\\Desktop\\Node JS Backend Project\\Ride-Sharing Backend\\Controller\\Ride-Request-Controller.js:85:24)\n    at process.processTicksAndRejections (node:internal/process/task_queues:105:5)","timestamp":"2025-09-27T06:51:41.604Z"}
{"level":"info","message":"Server running on localhost://3000","service":"Ride sharing Backend Project","timestamp":"2025-09-27T06:52:06.442Z"}
{"level":"info","message":"✅ MongoDB connected","service":"Ride sharing Backend Project","timestamp":"2025-09-27T06:52:07.569Z"}
{"level":"info","message":"Server running on localhost://3000","service":"Ride sharing Backend Project","timestamp":"2025-09-27T06:52:35.607Z"}
{"level":"info","message":"✅ MongoDB connected","service":"Ride sharing Backend Project","timestamp":"2025-09-27T06:52:36.765Z"}
{"level":"info","message":"Server running on localhost://3000","service":"Ride sharing Backend Project","timestamp":"2025-09-27T06:58:26.832Z"}
{"level":"info","message":"✅ MongoDB connected","service":"Ride sharing Backend Project","timestamp":"2025-09-27T06:58:28.208Z"}
{"level":"info","message":"Server running on localhost://3000","service":"Ride sharing Backend Project","timestamp":"2025-09-27T06:59:12.789Z"}
{"level":"info","message":"✅ MongoDB connected","service":"Ride sharing Backend Project","timestamp":"2025-09-27T06:59:14.662Z"}
{"level":"info","message":"Server running on localhost://3000","service":"Ride sharing Backend Project","timestamp":"2025-09-27T07:01:20.635Z"}
{"level":"info","message":"✅ MongoDB connected","service":"Ride sharing Backend Project","timestamp":"2025-09-27T07:01:22.001Z"}
{"level":"info","message":"Server running on localhost://3000","service":"Ride sharing Backend Project","timestamp":"2025-09-27T07:01:50.142Z"}
{"level":"info","message":"✅ MongoDB connected","service":"Ride sharing Backend Project","timestamp":"2025-09-27T07:01:51.294Z"}
{"level":"info","message":"Server running on localhost://3000","service":"Ride sharing Backend Project","timestamp":"2025-09-27T07:03:54.938Z"}
{"level":"info","message":"✅ MongoDB connected","service":"Ride sharing Backend Project","timestamp":"2025-09-27T07:03:56.353Z"}
{"level":"info","message":"Server running on localhost://3000","service":"Ride sharing Backend Project","timestamp":"2025-09-27T07:22:51.992Z"}
{"level":"info","message":"✅ MongoDB connected","service":"Ride sharing Backend Project","timestamp":"2025-09-27T07:22:53.396Z"}
{"level":"info","message":"Server running on localhost://3000","service":"Ride sharing Backend Project","timestamp":"2025-09-27T07:24:45.439Z"}
{"level":"info","message":"✅ MongoDB connected","service":"Ride sharing Backend Project","timestamp":"2025-09-27T07:24:46.863Z"}
{"level":"error","message":"Checking Header","service":"Ride sharing Backend Project","timestamp":"2025-09-27T07:26:08.457Z"}
{"level":"info","message":"User Login endpont hit","service":"Ride sharing Backend Project","timestamp":"2025-09-27T07:26:21.554Z"}
{"buffer":{"data":[104,211,144,49,126,106,57,221,23,190,230,134],"type":"Buffer"},"level":"info","message":"Login successfully!","service":"Ride sharing Backend Project","timestamp":"2025-09-27T07:26:21.796Z"}
{"level":"info","message":"Hit Genrate token","service":"Ride sharing Backend Project","timestamp":"2025-09-27T07:26:21.798Z"}
{"level":"warn","message":"Already reference token in DB","service":"Ride sharing Backend Project","timestamp":"2025-09-27T07:26:21.886Z"}
{"level":"error","message":"Checking Header","service":"Ride sharing Backend Project","timestamp":"2025-09-27T07:28:55.137Z"}
{"level":"error","message":"Token not found","service":"Ride sharing Backend Project","timestamp":"2025-09-27T07:29:14.454Z"}
{"level":"info","message":"Server running on localhost://3000","service":"Ride sharing Backend Project","timestamp":"2025-09-27T07:31:10.916Z"}
{"level":"info","message":"✅ MongoDB connected","service":"Ride sharing Backend Project","timestamp":"2025-09-27T07:31:12.282Z"}
{"level":"info","message":"Server running on localhost://3000","service":"Ride sharing Backend Project","timestamp":"2025-09-27T07:31:35.381Z"}
{"level":"info","message":"✅ MongoDB connected","service":"Ride sharing Backend Project","timestamp":"2025-09-27T07:31:36.571Z"}
{"level":"info","message":"Server running on localhost://3000","service":"Ride sharing Backend Project","timestamp":"2025-09-27T07:39:00.222Z"}
{"level":"info","message":"✅ MongoDB connected","service":"Ride sharing Backend Project","timestamp":"2025-09-27T07:39:01.575Z"}
{"level":"info","message":"Server running on localhost://3000","service":"Ride sharing Backend Project","timestamp":"2025-09-27T07:40:06.364Z"}
{"level":"info","message":"✅ MongoDB connected","service":"Ride sharing Backend Project","timestamp":"2025-09-27T07:40:07.727Z"}
{"level":"info","message":"Server running on localhost://3000","service":"Ride sharing Backend Project","timestamp":"2025-09-27T07:41:42.312Z"}
{"level":"info","message":"✅ MongoDB connected","service":"Ride sharing Backend Project","timestamp":"2025-09-27T07:41:44.458Z"}
{"level":"info","message":"Server running on localhost://3000","service":"Ride sharing Backend Project","timestamp":"2025-09-27T07:41:51.929Z"}
{"level":"info","message":"✅ MongoDB connected","service":"Ride sharing Backend Project","timestamp":"2025-09-27T07:41:52.992Z"}
{"level":"info","message":"Server running on localhost://3000","service":"Ride sharing Backend Project","timestamp":"2025-09-27T07:44:22.321Z"}
{"level":"info","message":"✅ MongoDB connected","service":"Ride sharing Backend Project","timestamp":"2025-09-27T07:44:23.688Z"}
{"level":"info","message":"Server running on localhost://3000","service":"Ride sharing Backend Project","timestamp":"2025-09-27T07:44:55.889Z"}
{"level":"info","message":"✅ MongoDB connected","service":"Ride sharing Backend Project","timestamp":"2025-09-27T07:44:56.932Z"}
{"level":"info","message":"Server running on localhost://3000","service":"Ride sharing Backend Project","timestamp":"2025-09-27T07:45:26.285Z"}
{"level":"info","message":"✅ MongoDB connected","service":"Ride sharing Backend Project","timestamp":"2025-09-27T07:45:27.541Z"}
{"level":"info","message":"Server running on localhost://3000","service":"Ride sharing Backend Project","timestamp":"2025-09-27T08:04:00.330Z"}
{"level":"info","message":"✅ MongoDB connected","service":"Ride sharing Backend Project","timestamp":"2025-09-27T08:04:01.631Z"}
{"level":"info","message":"Server running on localhost://3000","service":"Ride sharing Backend Project","timestamp":"2025-09-27T09:40:39.484Z"}
{"level":"info","message":"✅ MongoDB connected","service":"Ride sharing Backend Project","timestamp":"2025-09-27T09:40:40.815Z"}
{"level":"info","message":"Server running on localhost://3000","service":"Ride sharing Backend Project","timestamp":"2025-09-27T09:40:50.435Z"}
{"level":"info","message":"✅ MongoDB connected","service":"Ride sharing Backend Project","timestamp":"2025-09-27T09:40:51.561Z"}
{"level":"info","message":"User Login endpont hit","service":"Ride sharing Backend Project","timestamp":"2025-09-27T09:41:22.797Z"}
{"buffer":{"data":[104,211,144,49,126,106,57,221,23,190,230,134],"type":"Buffer"},"level":"info","message":"Login successfully!","service":"Ride sharing Backend Project","timestamp":"2025-09-27T09:41:23.028Z"}
{"level":"info","message":"Hit Genrate token","service":"Ride sharing Backend Project","timestamp":"2025-09-27T09:41:23.029Z"}
{"level":"warn","message":"Already reference token in DB","service":"Ride sharing Backend Project","timestamp":"2025-09-27T09:41:23.118Z"}
{"level":"error","message":"Checking Header","service":"Ride sharing Backend Project","timestamp":"2025-09-27T09:42:21.077Z"}
{"level":"warn","message":"User not exist","service":"Ride sharing Backend Project","timestamp":"2025-09-27T09:42:39.049Z"}
{"level":"info","message":"Server running on localhost://3000","service":"Ride sharing Backend Project","timestamp":"2025-09-27T09:44:55.958Z"}
{"code":"ECONNREFUSED","hostname":"_mongodb._tcp.cluster0.2xq4ofo.mongodb.net","level":"info","message":"❌ MongoDB connection error: querySrv ECONNREFUSED _mongodb._tcp.cluster0.2xq4ofo.mongodb.net","service":"Ride sharing Backend Project","stack":"Error: querySrv ECONNREFUSED _mongodb._tcp.cluster0.2xq4ofo.mongodb.net\n    at QueryReqWrap.onresolve [as oncomplete] (node:internal/dns/promises:294:17)","syscall":"querySrv","timestamp":"2025-09-27T09:44:55.979Z"}
{"level":"info","message":"Server running on localhost://3000","service":"Ride sharing Backend Project","timestamp":"2025-09-27T09:45:14.416Z"}
{"level":"info","message":"✅ MongoDB connected","service":"Ride sharing Backend Project","timestamp":"2025-09-27T09:45:18.842Z"}
{"level":"info","message":"Server running on localhost://3000","service":"Ride sharing Backend Project","timestamp":"2025-09-27T09:45:49.767Z"}
{"level":"info","message":"✅ MongoDB connected","service":"Ride sharing Backend Project","timestamp":"2025-09-27T09:45:51.902Z"}
{"level":"info","message":"Server running on localhost://3000","service":"Ride sharing Backend Project","timestamp":"2025-09-27T09:46:01.526Z"}
{"level":"info","message":"✅ MongoDB connected","service":"Ride sharing Backend Project","timestamp":"2025-09-27T09:46:03.463Z"}
{"level":"info","message":"Server running on localhost://3000","service":"Ride sharing Backend Project","timestamp":"2025-09-27T09:46:34.228Z"}
{"level":"info","message":"✅ MongoDB connected","service":"Ride sharing Backend Project","timestamp":"2025-09-27T09:46:42.177Z"}
{"level":"error","message":"Internal server error occured! Cannot read properties of undefined (reading 'id')","service":"Ride sharing Backend Project","stack":"TypeError: Cannot read properties of undefined (reading 'id')\n    at checkSelectedRideRequest (C:\\Users\\DELL\\Desktop\\Node JS Backend Project\\Ride-Sharing Backend\\Controller\\Ride-Request-Controller.js:190:28)\n    at Layer.handleRequest (C:\\Users\\DELL\\Desktop\\Node JS Backend Project\\Ride-Sharing Backend\\node_modules\\router\\lib\\layer.js:152:17)\n    at next (C:\\Users\\DELL\\Desktop\\Node JS Backend Project\\Ride-Sharing Backend\\node_modules\\router\\lib\\route.js:157:13)\n    at Route.dispatch (C:\\Users\\DELL\\Desktop\\Node JS Backend Project\\Ride-Sharing Backend\\node_modules\\router\\lib\\route.js:117:3)\n    at handle (C:\\Users\\DELL\\Desktop\\Node JS Backend Project\\Ride-Sharing Backend\\node_modules\\router\\index.js:435:11)\n    at Layer.handleRequest (C:\\Users\\DELL\\Desktop\\Node JS Backend Project\\Ride-Sharing Backend\\node_modules\\router\\lib\\layer.js:152:17)\n    at C:\\Users\\DELL\\Desktop\\Node JS Backend Project\\Ride-Sharing Backend\\node_modules\\router\\index.js:295:15\n    at param (C:\\Users\\DELL\\Desktop\\Node JS Backend Project\\Ride-Sharing Backend\\node_modules\\router\\index.js:600:14)\n    at param (C:\\Users\\DELL\\Desktop\\Node JS Backend Project\\Ride-Sharing Backend\\node_modules\\router\\index.js:610:14)\n    at processParams (C:\\Users\\DELL\\Desktop\\Node JS Backend Project\\Ride-Sharing Backend\\node_modules\\router\\index.js:664:3)","timestamp":"2025-09-27T09:49:58.687Z"}
{"level":"info","message":"Server running on localhost://3000","service":"Ride sharing Backend Project","timestamp":"2025-09-27T09:51:27.368Z"}
{"level":"info","message":"✅ MongoDB connected","service":"Ride sharing Backend Project","timestamp":"2025-09-27T09:51:34.440Z"}
{"level":"info","message":"User Login endpont hit","service":"Ride sharing Backend Project","timestamp":"2025-09-27T09:53:55.543Z"}
{"buffer":{"data":[104,211,213,141,201,98,142,59,119,72,162,166],"type":"Buffer"},"level":"info","message":"Login successfully!","service":"Ride sharing Backend Project","timestamp":"2025-09-27T09:53:55.833Z"}
{"level":"info","message":"Hit Genrate token","service":"Ride sharing Backend Project","timestamp":"2025-09-27T09:53:55.835Z"}
{"level":"warn","message":"Already reference token in DB","service":"Ride sharing Backend Project","timestamp":"2025-09-27T09:53:55.987Z"}
{"level":"info","message":"Server running on localhost://3000","service":"Ride sharing Backend Project","timestamp":"2025-09-27T09:55:48.087Z"}
{"level":"info","message":"✅ MongoDB connected","service":"Ride sharing Backend Project","timestamp":"2025-09-27T09:55:50.511Z"}
{"level":"info","message":"Server running on localhost://3000","service":"Ride sharing Backend Project","timestamp":"2025-09-27T09:58:04.090Z"}
{"level":"info","message":"✅ MongoDB connected","service":"Ride sharing Backend Project","timestamp":"2025-09-27T09:58:08.379Z"}
{"level":"info","message":"Server running on localhost://3000","service":"Ride sharing Backend Project","timestamp":"2025-09-27T10:22:05.140Z"}
{"level":"info","message":"✅ MongoDB connected","service":"Ride sharing Backend Project","timestamp":"2025-09-27T10:22:12.003Z"}
{"level":"info","message":"User Login endpont hit","service":"Ride sharing Backend Project","timestamp":"2025-09-27T10:25:16.668Z"}
{"buffer":{"data":[104,211,213,141,201,98,142,59,119,72,162,166],"type":"Buffer"},"level":"info","message":"Login successfully!","service":"Ride sharing Backend Project","timestamp":"2025-09-27T10:25:16.983Z"}
{"level":"info","message":"Hit Genrate token","service":"Ride sharing Backend Project","timestamp":"2025-09-27T10:25:16.985Z"}
{"level":"warn","message":"Already reference token in DB","service":"Ride sharing Backend Project","timestamp":"2025-09-27T10:25:17.174Z"}
{"level":"info","message":"Server running on localhost://3000","service":"Ride sharing Backend Project","timestamp":"2025-09-27T10:26:05.990Z"}
{"level":"info","message":"✅ MongoDB connected","service":"Ride sharing Backend Project","timestamp":"2025-09-27T10:26:07.219Z"}
{"level":"info","message":"Server running on localhost://3000","service":"Ride sharing Backend Project","timestamp":"2025-09-27T10:27:03.841Z"}
{"level":"info","message":"✅ MongoDB connected","service":"Ride sharing Backend Project","timestamp":"2025-09-27T10:27:04.933Z"}
{"level":"info","message":"User Login endpont hit","service":"Ride sharing Backend Project","timestamp":"2025-09-27T10:27:29.328Z"}
{"buffer":{"data":[104,211,213,151,201,98,142,59,119,72,162,169],"type":"Buffer"},"level":"info","message":"Login successfully!","service":"Ride sharing Backend Project","timestamp":"2025-09-27T10:27:29.579Z"}
{"level":"info","message":"Hit Genrate token","service":"Ride sharing Backend Project","timestamp":"2025-09-27T10:27:29.581Z"}
{"level":"warn","message":"Already reference token in DB","service":"Ride sharing Backend Project","timestamp":"2025-09-27T10:27:29.662Z"}
{"level":"info","message":"Server running on localhost://3000","service":"Ride sharing Backend Project","timestamp":"2025-09-27T10:33:54.814Z"}
{"level":"info","message":"✅ MongoDB connected","service":"Ride sharing Backend Project","timestamp":"2025-09-27T10:33:56.160Z"}
{"level":"info","message":"User Login endpont hit","service":"Ride sharing Backend Project","timestamp":"2025-09-27T10:34:56.972Z"}
{"buffer":{"data":[104,211,144,49,126,106,57,221,23,190,230,134],"type":"Buffer"},"level":"info","message":"Login successfully!","service":"Ride sharing Backend Project","timestamp":"2025-09-27T10:34:57.203Z"}
{"level":"info","message":"Hit Genrate token","service":"Ride sharing Backend Project","timestamp":"2025-09-27T10:34:57.204Z"}
{"level":"warn","message":"Already reference token in DB","service":"Ride sharing Backend Project","timestamp":"2025-09-27T10:34:57.311Z"}
{"level":"error","message":"Internal server error occured! driverId is not defined","service":"Ride sharing Backend Project","stack":"ReferenceError: driverId is not defined\n    at RideRequest (C:\\Users\\DELL\\Desktop\\Node JS Backend Project\\Ride-Sharing Backend\\Controller\\Ride-Request-Controller.js:90:9)\n    at Layer.handleRequest (C:\\Users\\DELL\\Desktop\\Node JS Backend Project\\Ride-Sharing Backend\\node_modules\\router\\lib\\layer.js:152:17)\n    at next (C:\\Users\\DELL\\Desktop\\Node JS Backend Project\\Ride-Sharing Backend\\node_modules\\router\\lib\\route.js:157:13)\n    at Route.dispatch (C:\\Users\\DELL\\Desktop\\Node JS Backend Project\\Ride-Sharing Backend\\node_modules\\router\\lib\\route.js:117:3)\n    at handle (C:\\Users\\DELL\\Desktop\\Node JS Backend Project\\Ride-Sharing Backend\\node_modules\\router\\index.js:435:11)\n    at Layer.handleRequest (C:\\Users\\DELL\\Desktop\\Node JS Backend Project\\Ride-Sharing Backend\\node_modules\\router\\lib\\layer.js:152:17)\n    at C:\\Users\\DELL\\Desktop\\Node JS Backend Project\\Ride-Sharing Backend\\node_modules\\router\\index.js:295:15\n    at processParams (C:\\Users\\DELL\\Desktop\\Node JS Backend Project\\Ride-Sharing Backend\\node_modules\\router\\index.js:582:12)\n    at next (C:\\Users\\DELL\\Desktop\\Node JS Backend Project\\Ride-Sharing Backend\\node_modules\\router\\index.js:291:5)\n    at Function.handle (C:\\Users\\DELL\\Desktop\\Node JS Backend Project\\Ride-Sharing Backend\\node_modules\\router\\index.js:186:3)","timestamp":"2025-09-27T10:35:34.312Z"}
{"level":"error","message":"Internal server error occured! driverId is not defined","service":"Ride sharing Backend Project","stack":"ReferenceError: driverId is not defined\n    at RideRequest (C:\\Users\\DELL\\Desktop\\Node JS Backend Project\\Ride-Sharing Backend\\Controller\\Ride-Request-Controller.js:90:9)\n    at Layer.handleRequest (C:\\Users\\DELL\\Desktop\\Node JS Backend Project\\Ride-Sharing Backend\\node_modules\\router\\lib\\layer.js:152:17)\n    at next (C:\\Users\\DELL\\Desktop\\Node JS Backend Project\\Ride-Sharing Backend\\node_modules\\router\\lib\\route.js:157:13)\n    at Route.dispatch (C:\\Users\\DELL\\Desktop\\Node JS Backend Project\\Ride-Sharing Backend\\node_modules\\router\\lib\\route.js:117:3)\n    at handle (C:\\Users\\DELL\\Desktop\\Node JS Backend Project\\Ride-Sharing Backend\\node_modules\\router\\index.js:435:11)\n    at Layer.handleRequest (C:\\Users\\DELL\\Desktop\\Node JS Backend Project\\Ride-Sharing Backend\\node_modules\\router\\lib\\layer.js:152:17)\n    at C:\\Users\\DELL\\Desktop\\Node JS Backend Project\\Ride-Sharing Backend\\node_modules\\router\\index.js:295:15\n    at processParams (C:\\Users\\DELL\\Desktop\\Node JS Backend Project\\Ride-Sharing Backend\\node_modules\\router\\index.js:582:12)\n    at next (C:\\Users\\DELL\\Desktop\\Node JS Backend Project\\Ride-Sharing Backend\\node_modules\\router\\index.js:291:5)\n    at Function.handle (C:\\Users\\DELL\\Desktop\\Node JS Backend Project\\Ride-Sharing Backend\\node_modules\\router\\index.js:186:3)","timestamp":"2025-09-27T10:35:54.148Z"}
{"level":"error","message":"Internal server error occured! driverId is not defined","service":"Ride sharing Backend Project","stack":"ReferenceError: driverId is not defined\n    at RideRequest (C:\\Users\\DELL\\Desktop\\Node JS Backend Project\\Ride-Sharing Backend\\Controller\\Ride-Request-Controller.js:90:9)\n    at Layer.handleRequest (C:\\Users\\DELL\\Desktop\\Node JS Backend Project\\Ride-Sharing Backend\\node_modules\\router\\lib\\layer.js:152:17)\n    at next (C:\\Users\\DELL\\Desktop\\Node JS Backend Project\\Ride-Sharing Backend\\node_modules\\router\\lib\\route.js:157:13)\n    at Route.dispatch (C:\\Users\\DELL\\Desktop\\Node JS Backend Project\\Ride-Sharing Backend\\node_modules\\router\\lib\\route.js:117:3)\n    at handle (C:\\Users\\DELL\\Desktop\\Node JS Backend Project\\Ride-Sharing Backend\\node_modules\\router\\index.js:435:11)\n    at Layer.handleRequest (C:\\Users\\DELL\\Desktop\\Node JS Backend Project\\Ride-Sharing Backend\\node_modules\\router\\lib\\layer.js:152:17)\n    at C:\\Users\\DELL\\Desktop\\Node JS Backend Project\\Ride-Sharing Backend\\node_modules\\router\\index.js:295:15\n    at processParams (C:\\Users\\DELL\\Desktop\\Node JS Backend Project\\Ride-Sharing Backend\\node_modules\\router\\index.js:582:12)\n    at next (C:\\Users\\DELL\\Desktop\\Node JS Backend Project\\Ride-Sharing Backend\\node_modules\\router\\index.js:291:5)\n    at Function.handle (C:\\Users\\DELL\\Desktop\\Node JS Backend Project\\Ride-Sharing Backend\\node_modules\\router\\index.js:186:3)","timestamp":"2025-09-27T10:37:05.918Z"}
{"level":"info","message":"Server running on localhost://3000","service":"Ride sharing Backend Project","timestamp":"2025-09-27T10:37:40.471Z"}
{"level":"info","message":"✅ MongoDB connected","service":"Ride sharing Backend Project","timestamp":"2025-09-27T10:37:41.757Z"}
{"level":"info","message":"User Login endpont hit","service":"Ride sharing Backend Project","timestamp":"2025-09-27T10:39:14.518Z"}
{"buffer":{"data":[104,211,213,151,201,98,142,59,119,72,162,169],"type":"Buffer"},"level":"info","message":"Login successfully!","service":"Ride sharing Backend Project","timestamp":"2025-09-27T10:39:14.764Z"}
{"level":"info","message":"Hit Genrate token","service":"Ride sharing Backend Project","timestamp":"2025-09-27T10:39:14.766Z"}
{"level":"warn","message":"Already reference token in DB","service":"Ride sharing Backend Project","timestamp":"2025-09-27T10:39:14.846Z"}
{"level":"info","message":"Server running on localhost://3000","service":"Ride sharing Backend Project","timestamp":"2025-09-27T10:47:26.233Z"}
{"level":"info","message":"✅ MongoDB connected","service":"Ride sharing Backend Project","timestamp":"2025-09-27T10:47:27.416Z"}
{"level":"info","message":"Server running on localhost://3000","service":"Ride sharing Backend Project","timestamp":"2025-09-27T10:51:22.802Z"}
{"level":"info","message":"✅ MongoDB connected","service":"Ride sharing Backend Project","timestamp":"2025-09-27T10:51:24.165Z"}
{"level":"error","message":"Internal server error occured! console is not a function","service":"Ride sharing Backend Project","stack":"TypeError: console is not a function\n    at acceptRidesByDriver (C:\\Users\\DELL\\Desktop\\Node JS Backend Project\\Ride-Sharing Backend\\Controller\\Ride-Request-Controller.js:309:9)\n    at process.processTicksAndRejections (node:internal/process/task_queues:105:5)","timestamp":"2025-09-27T10:51:56.048Z"}
{"level":"info","message":"Server running on localhost://3000","service":"Ride sharing Backend Project","timestamp":"2025-09-27T10:52:10.350Z"}
{"level":"info","message":"✅ MongoDB connected","service":"Ride sharing Backend Project","timestamp":"2025-09-27T10:52:11.896Z"}
{"level":"info","message":"Server running on localhost://3000","service":"Ride sharing Backend Project","timestamp":"2025-09-27T10:53:36.337Z"}
{"level":"info","message":"✅ MongoDB connected","service":"Ride sharing Backend Project","timestamp":"2025-09-27T10:53:37.536Z"}
{"level":"info","message":"Server running on localhost://3000","service":"Ride sharing Backend Project","timestamp":"2025-09-27T10:59:02.591Z"}
{"level":"info","message":"✅ MongoDB connected","service":"Ride sharing Backend Project","timestamp":"2025-09-27T10:59:03.796Z"}
{"level":"info","message":"Server running on localhost://3000","service":"Ride sharing Backend Project","timestamp":"2025-09-27T11:00:16.038Z"}
{"level":"info","message":"✅ MongoDB connected","service":"Ride sharing Backend Project","timestamp":"2025-09-27T11:00:17.245Z"}
{"level":"info","message":"Server running on localhost://3000","service":"Ride sharing Backend Project","timestamp":"2025-09-27T11:02:22.619Z"}
{"level":"info","message":"✅ MongoDB connected","service":"Ride sharing Backend Project","timestamp":"2025-09-27T11:02:23.887Z"}
{"level":"info","message":"Server running on localhost://3000","service":"Ride sharing Backend Project","timestamp":"2025-09-27T11:13:07.650Z"}
{"level":"info","message":"✅ MongoDB connected","service":"Ride sharing Backend Project","timestamp":"2025-09-27T11:13:08.907Z"}
{"level":"info","message":"Server running on localhost://3000","service":"Ride sharing Backend Project","timestamp":"2025-09-27T11:14:27.373Z"}
{"level":"info","message":"✅ MongoDB connected","service":"Ride sharing Backend Project","timestamp":"2025-09-27T11:14:28.511Z"}
{"level":"info","message":"Server running on localhost://3000","service":"Ride sharing Backend Project","timestamp":"2025-09-27T11:24:38.536Z"}
{"level":"info","message":"✅ MongoDB connected","service":"Ride sharing Backend Project","timestamp":"2025-09-27T11:24:39.729Z"}
{"level":"info","message":"Server running on localhost://3000","service":"Ride sharing Backend Project","timestamp":"2025-09-27T11:26:46.342Z"}
{"level":"info","message":"✅ MongoDB connected","service":"Ride sharing Backend Project","timestamp":"2025-09-27T11:26:47.501Z"}
{"level":"info","message":"Server running on localhost://3000","service":"Ride sharing Backend Project","timestamp":"2025-09-27T11:29:33.452Z"}
{"level":"info","message":"✅ MongoDB connected","service":"Ride sharing Backend Project","timestamp":"2025-09-27T11:29:34.573Z"}
{"level":"info","message":"Server running on localhost://3000","service":"Ride sharing Backend Project","timestamp":"2025-09-27T11:30:54.688Z"}
{"level":"info","message":"✅ MongoDB connected","service":"Ride sharing Backend Project","timestamp":"2025-09-27T11:30:55.833Z"}
{"level":"info","message":"Server running on localhost://3000","service":"Ride sharing Backend Project","timestamp":"2025-09-27T11:32:10.173Z"}
{"level":"info","message":"✅ MongoDB connected","service":"Ride sharing Backend Project","timestamp":"2025-09-27T11:32:11.325Z"}
{"level":"info","message":"Server running on localhost://3000","service":"Ride sharing Backend Project","timestamp":"2025-09-27T11:35:56.516Z"}
{"level":"info","message":"✅ MongoDB connected","service":"Ride sharing Backend Project","timestamp":"2025-09-27T11:35:57.736Z"}
{"level":"info","message":"Server running on localhost://3000","service":"Ride sharing Backend Project","timestamp":"2025-09-27T11:39:03.164Z"}
{"level":"info","message":"✅ MongoDB connected","service":"Ride sharing Backend Project","timestamp":"2025-09-27T11:39:04.323Z"}
{"level":"info","message":"Server running on localhost://3000","service":"Ride sharing Backend Project","timestamp":"2025-09-27T11:39:17.411Z"}
{"level":"info","message":"✅ MongoDB connected","service":"Ride sharing Backend Project","timestamp":"2025-09-27T11:39:18.306Z"}
{"level":"info","message":"Server running on localhost://3000","service":"Ride sharing Backend Project","timestamp":"2025-09-27T11:51:24.777Z"}
{"level":"info","message":"✅ MongoDB connected","service":"Ride sharing Backend Project","timestamp":"2025-09-27T11:51:26.140Z"}
{"level":"info","message":"Server running on localhost://3000","service":"Ride sharing Backend Project","timestamp":"2025-09-27T11:54:40.339Z"}
{"level":"info","message":"✅ MongoDB connected","service":"Ride sharing Backend Project","timestamp":"2025-09-27T11:54:41.506Z"}
{"level":"info","message":"Server running on localhost://3000","service":"Ride sharing Backend Project","timestamp":"2025-09-27T11:55:02.549Z"}
{"level":"info","message":"✅ MongoDB connected","service":"Ride sharing Backend Project","timestamp":"2025-09-27T11:55:03.501Z"}
{"level":"info","message":"User Login endpont hit","service":"Ride sharing Backend Project","timestamp":"2025-09-27T11:55:50.247Z"}
{"buffer":{"data":[104,211,144,49,126,106,57,221,23,190,230,134],"type":"Buffer"},"level":"info","message":"Login successfully!","service":"Ride sharing Backend Project","timestamp":"2025-09-27T11:55:50.497Z"}
{"level":"info","message":"Hit Genrate token","service":"Ride sharing Backend Project","timestamp":"2025-09-27T11:55:50.499Z"}
{"level":"warn","message":"Already reference token in DB","service":"Ride sharing Backend Project","timestamp":"2025-09-27T11:55:50.576Z"}
{"level":"error","message":"Checking Header","service":"Ride sharing Backend Project","timestamp":"2025-09-27T11:56:37.281Z"}
{"level":"error","message":"Internal server error occured! repsonse is not defined","service":"Ride sharing Backend Project","stack":"ReferenceError: repsonse is not defined\n    at RideRequest (C:\\Users\\DELL\\Desktop\\Node JS Backend Project\\Ride-Sharing Backend\\Controller\\Ride-Request-Controller.js:133:21)\n    at process.processTicksAndRejections (node:internal/process/task_queues:105:5)","timestamp":"2025-09-27T11:56:58.527Z"}
{"level":"info","message":"Server running on localhost://3000","service":"Ride sharing Backend Project","timestamp":"2025-09-27T11:57:20.551Z"}
{"level":"info","message":"✅ MongoDB connected","service":"Ride sharing Backend Project","timestamp":"2025-09-27T11:57:21.812Z"}
{"level":"info","message":"User Login endpont hit","service":"Ride sharing Backend Project","timestamp":"2025-09-27T11:59:16.406Z"}
{"buffer":{"data":[104,211,213,151,201,98,142,59,119,72,162,169],"type":"Buffer"},"level":"info","message":"Login successfully!","service":"Ride sharing Backend Project","timestamp":"2025-09-27T11:59:16.686Z"}
{"level":"info","message":"Hit Genrate token","service":"Ride sharing Backend Project","timestamp":"2025-09-27T11:59:16.688Z"}
{"level":"warn","message":"Already reference token in DB","service":"Ride sharing Backend Project","timestamp":"2025-09-27T11:59:16.760Z"}
{"level":"info","message":"Server running on localhost://3000","service":"Ride sharing Backend Project","timestamp":"2025-09-27T12:15:55.996Z"}
{"level":"info","message":"✅ MongoDB connected","service":"Ride sharing Backend Project","timestamp":"2025-09-27T12:15:57.265Z"}
{"level":"error","message":"Checking Header","service":"Ride sharing Backend Project","timestamp":"2025-09-27T12:16:01.614Z"}
{"level":"info","message":"User Login endpont hit","service":"Ride sharing Backend Project","timestamp":"2025-09-27T12:16:11.521Z"}
{"buffer":{"data":[104,211,213,151,201,98,142,59,119,72,162,169],"type":"Buffer"},"level":"info","message":"Login successfully!","service":"Ride sharing Backend Project","timestamp":"2025-09-27T12:16:11.747Z"}
{"level":"info","message":"Hit Genrate token","service":"Ride sharing Backend Project","timestamp":"2025-09-27T12:16:11.750Z"}
{"level":"warn","message":"Already reference token in DB","service":"Ride sharing Backend Project","timestamp":"2025-09-27T12:16:11.846Z"}
{"level":"info","message":"Server running on localhost://3000","service":"Ride sharing Backend Project","timestamp":"2025-09-27T12:20:59.656Z"}
{"level":"info","message":"✅ MongoDB connected","service":"Ride sharing Backend Project","timestamp":"2025-09-27T12:21:00.767Z"}
{"level":"info","message":"Server running on localhost://3000","service":"Ride sharing Backend Project","timestamp":"2025-09-27T12:22:03.073Z"}
{"level":"info","message":"✅ MongoDB connected","service":"Ride sharing Backend Project","timestamp":"2025-09-27T12:22:04.233Z"}
{"level":"info","message":"Server running on localhost://3000","service":"Ride sharing Backend Project","timestamp":"2025-09-27T12:28:51.973Z"}
{"level":"info","message":"✅ MongoDB connected","service":"Ride sharing Backend Project","timestamp":"2025-09-27T12:28:53.151Z"}
{"level":"info","message":"Server running on localhost://3000","service":"Ride sharing Backend Project","timestamp":"2025-09-27T12:34:35.611Z"}
{"level":"info","message":"✅ MongoDB connected","service":"Ride sharing Backend Project","timestamp":"2025-09-27T12:34:36.949Z"}
{"level":"info","message":"Server running on localhost://3000","service":"Ride sharing Backend Project","timestamp":"2025-09-28T06:16:48.038Z"}
{"level":"info","message":"✅ MongoDB connected","service":"Ride sharing Backend Project","timestamp":"2025-09-28T06:16:49.257Z"}
{"level":"info","message":"Server running on localhost://3000","service":"Ride sharing Backend Project","timestamp":"2025-09-28T06:19:34.781Z"}
{"level":"info","message":"✅ MongoDB connected","service":"Ride sharing Backend Project","timestamp":"2025-09-28T06:19:36.033Z"}
{"level":"error","message":"Checking Header","service":"Ride sharing Backend Project","timestamp":"2025-09-28T06:23:45.123Z"}
{"level":"info","message":"User Login endpont hit","service":"Ride sharing Backend Project","timestamp":"2025-09-28T06:24:10.646Z"}
{"buffer":{"data":[104,211,144,49,126,106,57,221,23,190,230,134],"type":"Buffer"},"level":"info","message":"Login successfully!","service":"Ride sharing Backend Project","timestamp":"2025-09-28T06:24:10.897Z"}
{"level":"info","message":"Hit Genrate token","service":"Ride sharing Backend Project","timestamp":"2025-09-28T06:24:10.899Z"}
{"level":"warn","message":"Already reference token in DB","service":"Ride sharing Backend Project","timestamp":"2025-09-28T06:24:10.988Z"}
{"level":"info","message":"Server running on localhost://3000","service":"Ride sharing Backend Project","timestamp":"2025-09-28T06:25:59.881Z"}
{"level":"info","message":"✅ MongoDB connected","service":"Ride sharing Backend Project","timestamp":"2025-09-28T06:26:01.020Z"}
{"level":"info","message":"Server running on localhost://3000","service":"Ride sharing Backend Project","timestamp":"2025-09-28T06:26:28.402Z"}
{"level":"info","message":"✅ MongoDB connected","service":"Ride sharing Backend Project","timestamp":"2025-09-28T06:26:29.431Z"}
{"level":"info","message":"Server running on localhost://3000","service":"Ride sharing Backend Project","timestamp":"2025-09-28T06:33:35.699Z"}
{"level":"info","message":"✅ MongoDB connected","service":"Ride sharing Backend Project","timestamp":"2025-09-28T06:33:37.015Z"}
{"level":"error","message":"Auth Token not found","service":"Ride sharing Backend Project","timestamp":"2025-09-28T06:34:27.207Z"}
{"level":"info","message":"Server running on localhost://3000","service":"Ride sharing Backend Project","timestamp":"2025-09-28T06:37:57.459Z"}
{"level":"info","message":"✅ MongoDB connected","service":"Ride sharing Backend Project","timestamp":"2025-09-28T06:37:59.023Z"}
{"level":"info","message":"Server running on localhost://3000","service":"Ride sharing Backend Project","timestamp":"2025-09-28T06:38:28.947Z"}
{"level":"info","message":"✅ MongoDB connected","service":"Ride sharing Backend Project","timestamp":"2025-09-28T06:38:29.975Z"}
{"level":"info","message":"Server running on localhost://3000","service":"Ride sharing Backend Project","timestamp":"2025-09-28T06:54:36.540Z"}
{"level":"info","message":"✅ MongoDB connected","service":"Ride sharing Backend Project","timestamp":"2025-09-28T06:54:38.835Z"}
{"level":"info","message":"Server running on localhost://3000","service":"Ride sharing Backend Project","timestamp":"2025-09-28T07:29:55.907Z"}
{"level":"info","message":"✅ MongoDB connected","service":"Ride sharing Backend Project","timestamp":"2025-09-28T07:29:57.306Z"}
{"level":"info","message":"User Login endpont hit","service":"Ride sharing Backend Project","timestamp":"2025-09-28T07:30:34.877Z"}
{"buffer":{"data":[104,211,144,49,126,106,57,221,23,190,230,134],"type":"Buffer"},"level":"info","message":"Login successfully!","service":"Ride sharing Backend Project","timestamp":"2025-09-28T07:30:35.134Z"}
{"level":"info","message":"Hit Genrate token","service":"Ride sharing Backend Project","timestamp":"2025-09-28T07:30:35.138Z"}
{"level":"warn","message":"Already reference token in DB","service":"Ride sharing Backend Project","timestamp":"2025-09-28T07:30:35.224Z"}
{"level":"info","message":"User Login endpont hit","service":"Ride sharing Backend Project","timestamp":"2025-09-28T07:30:50.352Z"}
{"buffer":{"data":[104,211,144,49,126,106,57,221,23,190,230,134],"type":"Buffer"},"level":"info","message":"Login successfully!","service":"Ride sharing Backend Project","timestamp":"2025-09-28T07:30:50.582Z"}
{"level":"info","message":"Hit Genrate token","service":"Ride sharing Backend Project","timestamp":"2025-09-28T07:30:50.583Z"}
{"level":"warn","message":"Already reference token in DB","service":"Ride sharing Backend Project","timestamp":"2025-09-28T07:30:50.680Z"}
{"level":"info","message":"User Login endpont hit","service":"Ride sharing Backend Project","timestamp":"2025-09-28T07:33:02.363Z"}
{"buffer":{"data":[104,211,144,49,126,106,57,221,23,190,230,134],"type":"Buffer"},"level":"info","message":"Login successfully!","service":"Ride sharing Backend Project","timestamp":"2025-09-28T07:33:02.582Z"}
{"level":"info","message":"Hit Genrate token","service":"Ride sharing Backend Project","timestamp":"2025-09-28T07:33:02.583Z"}
{"level":"warn","message":"Already reference token in DB","service":"Ride sharing Backend Project","timestamp":"2025-09-28T07:33:02.651Z"}
{"level":"info","message":"Server running on localhost://3000","service":"Ride sharing Backend Project","timestamp":"2025-09-28T07:33:37.974Z"}
{"level":"info","message":"✅ MongoDB connected","service":"Ride sharing Backend Project","timestamp":"2025-09-28T07:33:39.141Z"}
{"level":"info","message":"Server running on localhost://3000","service":"Ride sharing Backend Project","timestamp":"2025-09-28T07:46:18.089Z"}
{"level":"info","message":"✅ MongoDB connected","service":"Ride sharing Backend Project","timestamp":"2025-09-28T07:46:19.420Z"}
{"level":"info","message":"Server running on localhost://3000","service":"Ride sharing Backend Project","timestamp":"2025-09-28T07:47:11.923Z"}
{"level":"info","message":"✅ MongoDB connected","service":"Ride sharing Backend Project","timestamp":"2025-09-28T07:47:12.926Z"}
{"level":"info","message":"Server running on localhost://3000","service":"Ride sharing Backend Project","timestamp":"2025-09-28T07:53:20.081Z"}
{"level":"info","message":"✅ MongoDB connected","service":"Ride sharing Backend Project","timestamp":"2025-09-28T07:53:21.269Z"}
{"level":"info","message":"Server running on localhost://3000","service":"Ride sharing Backend Project","timestamp":"2025-09-28T07:55:04.885Z"}
{"level":"info","message":"✅ MongoDB connected","service":"Ride sharing Backend Project","timestamp":"2025-09-28T07:55:06.066Z"}
{"level":"error","message":"Checking Header","service":"Ride sharing Backend Project","timestamp":"2025-09-28T08:35:49.378Z"}
{"level":"info","message":"User Login endpont hit","service":"Ride sharing Backend Project","timestamp":"2025-09-28T08:35:55.276Z"}
{"buffer":{"data":[104,211,144,49,126,106,57,221,23,190,230,134],"type":"Buffer"},"level":"info","message":"Login successfully!","service":"Ride sharing Backend Project","timestamp":"2025-09-28T08:35:55.574Z"}
{"level":"info","message":"Hit Genrate token","service":"Ride sharing Backend Project","timestamp":"2025-09-28T08:35:55.576Z"}
{"level":"warn","message":"Already reference token in DB","service":"Ride sharing Backend Project","timestamp":"2025-09-28T08:35:55.661Z"}
{"level":"info","message":"Server running on localhost://3000","service":"Ride sharing Backend Project","timestamp":"2025-09-28T08:38:32.374Z"}
{"level":"info","message":"✅ MongoDB connected","service":"Ride sharing Backend Project","timestamp":"2025-09-28T08:38:33.611Z"}
{"level":"info","message":"Server running on localhost://3000","service":"Ride sharing Backend Project","timestamp":"2025-09-28T09:11:56.685Z"}
{"level":"info","message":"✅ MongoDB connected","service":"Ride sharing Backend Project","timestamp":"2025-09-28T09:11:57.825Z"}
{"level":"info","message":"User Login endpont hit","service":"Ride sharing Backend Project","timestamp":"2025-09-28T09:21:15.620Z"}
{"buffer":{"data":[104,211,144,49,126,106,57,221,23,190,230,134],"type":"Buffer"},"level":"info","message":"Login successfully!","service":"Ride sharing Backend Project","timestamp":"2025-09-28T09:21:15.925Z"}
{"level":"info","message":"Hit Genrate token","service":"Ride sharing Backend Project","timestamp":"2025-09-28T09:21:15.928Z"}
{"level":"warn","message":"Already reference token in DB","service":"Ride sharing Backend Project","timestamp":"2025-09-28T09:21:16.046Z"}
{"level":"info","message":"Server running on localhost://3000","service":"Ride sharing Backend Project","timestamp":"2025-09-28T09:24:47.801Z"}
{"level":"info","message":"✅ MongoDB connected","service":"Ride sharing Backend Project","timestamp":"2025-09-28T09:24:49.439Z"}
{"level":"info","message":"Server running on localhost://3000","service":"Ride sharing Backend Project","timestamp":"2025-09-28T09:25:15.086Z"}
{"level":"info","message":"✅ MongoDB connected","service":"Ride sharing Backend Project","timestamp":"2025-09-28T09:25:16.049Z"}
{"level":"info","message":"Server running on localhost://3000","service":"Ride sharing Backend Project","timestamp":"2025-09-28T09:26:45.199Z"}
{"level":"info","message":"✅ MongoDB connected","service":"Ride sharing Backend Project","timestamp":"2025-09-28T09:26:46.318Z"}
{"level":"info","message":"Server running on localhost://3000","service":"Ride sharing Backend Project","timestamp":"2025-09-28T09:35:03.953Z"}
{"level":"info","message":"✅ MongoDB connected","service":"Ride sharing Backend Project","timestamp":"2025-09-28T09:35:05.296Z"}
{"level":"info","message":"User Login endpont hit","service":"Ride sharing Backend Project","timestamp":"2025-09-28T09:35:36.689Z"}
{"buffer":{"data":[104,211,144,49,126,106,57,221,23,190,230,134],"type":"Buffer"},"level":"info","message":"Login successfully!","service":"Ride sharing Backend Project","timestamp":"2025-09-28T09:35:36.963Z"}
{"level":"info","message":"Hit Genrate token","service":"Ride sharing Backend Project","timestamp":"2025-09-28T09:35:36.965Z"}
{"level":"warn","message":"Already reference token in DB","service":"Ride sharing Backend Project","timestamp":"2025-09-28T09:35:37.091Z"}
{"level":"info","message":"Server running on localhost://3000","service":"Ride sharing Backend Project","timestamp":"2025-09-28T09:38:01.534Z"}
{"level":"info","message":"✅ MongoDB connected","service":"Ride sharing Backend Project","timestamp":"2025-09-28T09:38:02.815Z"}
{"level":"info","message":"Server running on localhost://3000","service":"Ride sharing Backend Project","timestamp":"2025-09-28T09:42:20.316Z"}
{"level":"info","message":"✅ MongoDB connected","service":"Ride sharing Backend Project","timestamp":"2025-09-28T09:42:21.513Z"}
{"level":"info","message":"Server running on localhost://3000","service":"Ride sharing Backend Project","timestamp":"2025-09-28T09:46:36.764Z"}
{"level":"info","message":"✅ MongoDB connected","service":"Ride sharing Backend Project","timestamp":"2025-09-28T09:46:37.959Z"}
{"level":"info","message":"Server running on localhost://3000","service":"Ride sharing Backend Project","timestamp":"2025-09-28T09:48:46.652Z"}
{"level":"info","message":"✅ MongoDB connected","service":"Ride sharing Backend Project","timestamp":"2025-09-28T09:48:47.923Z"}
{"level":"info","message":"Server running on localhost://3000","service":"Ride sharing Backend Project","timestamp":"2025-09-28T09:53:08.857Z"}
{"level":"info","message":"✅ MongoDB connected","service":"Ride sharing Backend Project","timestamp":"2025-09-28T09:53:10.126Z"}
{"level":"info","message":"Server running on localhost://3000","service":"Ride sharing Backend Project","timestamp":"2025-09-28T09:53:55.692Z"}
{"level":"info","message":"✅ MongoDB connected","service":"Ride sharing Backend Project","timestamp":"2025-09-28T09:53:56.788Z"}
{"level":"info","message":"Server running on localhost://3000","service":"Ride sharing Backend Project","timestamp":"2025-09-28T09:55:12.500Z"}
{"level":"info","message":"✅ MongoDB connected","service":"Ride sharing Backend Project","timestamp":"2025-09-28T09:55:13.853Z"}
{"level":"info","message":"Server running on localhost://3000","service":"Ride sharing Backend Project","timestamp":"2025-09-28T09:58:57.998Z"}
{"level":"info","message":"✅ MongoDB connected","service":"Ride sharing Backend Project","timestamp":"2025-09-28T09:58:59.391Z"}
{"level":"info","message":"Server running on localhost://3000","service":"Ride sharing Backend Project","timestamp":"2025-09-28T10:03:30.332Z"}
{"level":"info","message":"✅ MongoDB connected","service":"Ride sharing Backend Project","timestamp":"2025-09-28T10:03:31.644Z"}
{"level":"info","message":"Server running on localhost://3000","service":"Ride sharing Backend Project","timestamp":"2025-09-28T10:06:15.974Z"}
{"level":"info","message":"✅ MongoDB connected","service":"Ride sharing Backend Project","timestamp":"2025-09-28T10:06:17.262Z"}
{"level":"info","message":"User Login endpont hit","service":"Ride sharing Backend Project","timestamp":"2025-09-28T10:07:00.396Z"}
{"buffer":{"data":[104,211,144,49,126,106,57,221,23,190,230,134],"type":"Buffer"},"level":"info","message":"Login successfully!","service":"Ride sharing Backend Project","timestamp":"2025-09-28T10:07:00.662Z"}
{"level":"info","message":"Hit Genrate token","service":"Ride sharing Backend Project","timestamp":"2025-09-28T10:07:00.663Z"}
{"level":"warn","message":"Already reference token in DB","service":"Ride sharing Backend Project","timestamp":"2025-09-28T10:07:00.760Z"}
{"level":"error","message":"Checking Header","service":"Ride sharing Backend Project","timestamp":"2025-09-28T10:09:31.564Z"}
{"level":"info","message":"User Login endpont hit","service":"Ride sharing Backend Project","timestamp":"2025-09-28T10:10:25.101Z"}
{"buffer":{"data":[104,211,213,133,201,98,142,59,119,72,162,163],"type":"Buffer"},"level":"info","message":"Login successfully!","service":"Ride sharing Backend Project","timestamp":"2025-09-28T10:10:25.334Z"}
{"level":"info","message":"Hit Genrate token","service":"Ride sharing Backend Project","timestamp":"2025-09-28T10:10:25.335Z"}
{"level":"warn","message":"Already reference token in DB","service":"Ride sharing Backend Project","timestamp":"2025-09-28T10:10:25.444Z"}
{"level":"info","message":"Server running on localhost://3000","service":"Ride sharing Backend Project","timestamp":"2025-09-28T10:12:08.464Z"}
{"level":"info","message":"✅ MongoDB connected","service":"Ride sharing Backend Project","timestamp":"2025-09-28T10:12:09.694Z"}
{"level":"info","message":"Server running on localhost://3000","service":"Ride sharing Backend Project","timestamp":"2025-09-28T10:23:04.783Z"}
{"level":"info","message":"✅ MongoDB connected","service":"Ride sharing Backend Project","timestamp":"2025-09-28T10:23:06.008Z"}
{"level":"info","message":"User Login endpont hit","service":"Ride sharing Backend Project","timestamp":"2025-09-28T10:23:17.232Z"}
{"buffer":{"data":[104,211,144,49,126,106,57,221,23,190,230,134],"type":"Buffer"},"level":"info","message":"Login successfully!","service":"Ride sharing Backend Project","timestamp":"2025-09-28T10:23:17.536Z"}
{"level":"info","message":"Hit Genrate token","service":"Ride sharing Backend Project","timestamp":"2025-09-28T10:23:17.538Z"}
{"level":"warn","message":"Already reference token in DB","service":"Ride sharing Backend Project","timestamp":"2025-09-28T10:23:17.632Z"}
{"level":"info","message":"Server running on localhost://3000","service":"Ride sharing Backend Project","timestamp":"2025-09-28T10:25:46.120Z"}
{"level":"info","message":"✅ MongoDB connected","service":"Ride sharing Backend Project","timestamp":"2025-09-28T10:25:47.418Z"}
{"level":"info","message":"Server running on localhost://3000","service":"Ride sharing Backend Project","timestamp":"2025-09-28T10:26:36.810Z"}
{"level":"info","message":"✅ MongoDB connected","service":"Ride sharing Backend Project","timestamp":"2025-09-28T10:26:38.108Z"}
{"level":"info","message":"Server running on localhost://3000","service":"Ride sharing Backend Project","timestamp":"2025-09-28T10:33:10.998Z"}
{"level":"info","message":"✅ MongoDB connected","service":"Ride sharing Backend Project","timestamp":"2025-09-28T10:33:12.164Z"}
{"level":"info","message":"Server running on localhost://3000","service":"Ride sharing Backend Project","timestamp":"2025-10-11T06:36:56.602Z"}
{"level":"info","message":"✅ MongoDB connected","service":"Ride sharing Backend Project","timestamp":"2025-10-11T06:36:58.079Z"}
{"level":"info","message":"User Login endpont hit","service":"Ride sharing Backend Project","timestamp":"2025-10-11T06:37:32.339Z"}
{"buffer":{"data":[104,211,144,49,126,106,57,221,23,190,230,134],"type":"Buffer"},"level":"info","message":"Login successfully!","service":"Ride sharing Backend Project","timestamp":"2025-10-11T06:37:33.144Z"}
{"level":"info","message":"Hit Genrate token","service":"Ride sharing Backend Project","timestamp":"2025-10-11T06:37:33.158Z"}
{"level":"warn","message":"Genrated token and inserted in DB","service":"Ride sharing Backend Project","timestamp":"2025-10-11T06:37:33.346Z"}
{"level":"info","message":"Server running on localhost://3000","service":"Ride sharing Backend Project","timestamp":"2025-10-12T07:30:51.781Z"}
{"level":"info","message":"✅ MongoDB connected","service":"Ride sharing Backend Project","timestamp":"2025-10-12T07:30:53.384Z"}
{"level":"info","message":"User Login endpont hit","service":"Ride sharing Backend Project","timestamp":"2025-10-12T07:31:04.447Z"}
{"buffer":{"data":[104,211,144,49,126,106,57,221,23,190,230,134],"type":"Buffer"},"level":"info","message":"Login successfully!","service":"Ride sharing Backend Project","timestamp":"2025-10-12T07:31:04.799Z"}
{"level":"info","message":"Hit Genrate token","service":"Ride sharing Backend Project","timestamp":"2025-10-12T07:31:04.803Z"}
{"level":"warn","message":"Already reference token in DB","service":"Ride sharing Backend Project","timestamp":"2025-10-12T07:31:04.899Z"}
{"level":"info","message":"User Login endpont hit","service":"Ride sharing Backend Project","timestamp":"2025-10-12T07:35:53.589Z"}
{"buffer":{"data":[104,211,213,133,201,98,142,59,119,72,162,163],"type":"Buffer"},"level":"info","message":"Login successfully!","service":"Ride sharing Backend Project","timestamp":"2025-10-12T07:35:53.823Z"}
{"level":"info","message":"Hit Genrate token","service":"Ride sharing Backend Project","timestamp":"2025-10-12T07:35:53.824Z"}
{"level":"warn","message":"Genrated token and inserted in DB","service":"Ride sharing Backend Project","timestamp":"2025-10-12T07:35:53.906Z"}
{"level":"error","message":"Checking Header","service":"Ride sharing Backend Project","timestamp":"2025-10-12T07:44:03.911Z"}
{"level":"error","message":"Checking Header","service":"Ride sharing Backend Project","timestamp":"2025-10-12T07:53:03.000Z"}
{"level":"info","message":"Server running on localhost://3000","service":"Ride sharing Backend Project","timestamp":"2025-10-12T07:55:02.120Z"}
{"level":"info","message":"✅ MongoDB connected","service":"Ride sharing Backend Project","timestamp":"2025-10-12T07:55:03.174Z"}
{"level":"info","message":"Server running on localhost://3000","service":"Ride sharing Backend Project","timestamp":"2025-10-12T07:58:56.787Z"}
{"level":"info","message":"✅ MongoDB connected","service":"Ride sharing Backend Project","timestamp":"2025-10-12T07:58:57.906Z"}
{"level":"info","message":"Server running on localhost://3000","service":"Ride sharing Backend Project","timestamp":"2025-10-12T08:08:09.627Z"}
{"level":"info","message":"✅ MongoDB connected","service":"Ride sharing Backend Project","timestamp":"2025-10-12T08:08:10.729Z"}
{"level":"info","message":"Server running on localhost://3000","service":"Ride sharing Backend Project","timestamp":"2025-10-12T08:14:48.132Z"}
{"level":"info","message":"✅ MongoDB connected","service":"Ride sharing Backend Project","timestamp":"2025-10-12T08:14:49.340Z"}
{"level":"info","message":"Server running on localhost://3000","service":"Ride sharing Backend Project","timestamp":"2025-10-12T08:15:59.410Z"}
{"level":"info","message":"✅ MongoDB connected","service":"Ride sharing Backend Project","timestamp":"2025-10-12T08:16:00.549Z"}
{"level":"info","message":"Server running on localhost://3000","service":"Ride sharing Backend Project","timestamp":"2025-10-12T08:16:18.121Z"}
{"level":"info","message":"✅ MongoDB connected","service":"Ride sharing Backend Project","timestamp":"2025-10-12T08:16:19.054Z"}
{"level":"info","message":"Server running on localhost://3000","service":"Ride sharing Backend Project","timestamp":"2025-10-12T08:54:56.630Z"}
{"level":"info","message":"✅ MongoDB connected","service":"Ride sharing Backend Project","timestamp":"2025-10-12T08:54:57.831Z"}
{"level":"error","message":"Checking Header","service":"Ride sharing Backend Project","timestamp":"2025-10-12T08:56:59.532Z"}
{"level":"info","message":"User Login endpont hit","service":"Ride sharing Backend Project","timestamp":"2025-10-12T08:57:10.516Z"}
{"buffer":{"data":[104,211,144,49,126,106,57,221,23,190,230,134],"type":"Buffer"},"level":"info","message":"Login successfully!","service":"Ride sharing Backend Project","timestamp":"2025-10-12T08:57:10.732Z"}
{"level":"info","message":"Hit Genrate token","service":"Ride sharing Backend Project","timestamp":"2025-10-12T08:57:10.735Z"}
{"level":"warn","message":"Already reference token in DB","service":"Ride sharing Backend Project","timestamp":"2025-10-12T08:57:10.815Z"}
{"level":"error","message":"Internal server error! Ratings_and_review validation failed: rating: Path `rating` is required.","service":"Ride sharing Backend Project","timestamp":"2025-10-12T08:57:52.797Z"}
{"level":"info","message":"User Login endpont hit","service":"Ride sharing Backend Project","timestamp":"2025-10-12T09:00:33.481Z"}
{"buffer":{"data":[104,211,213,133,201,98,142,59,119,72,162,163],"type":"Buffer"},"level":"info","message":"Login successfully!","service":"Ride sharing Backend Project","timestamp":"2025-10-12T09:00:33.680Z"}
{"level":"info","message":"Hit Genrate token","service":"Ride sharing Backend Project","timestamp":"2025-10-12T09:00:33.681Z"}
{"level":"warn","message":"Already reference token in DB","service":"Ride sharing Backend Project","timestamp":"2025-10-12T09:00:33.747Z"}
{"level":"info","message":"Server running on localhost://3000","service":"Ride sharing Backend Project","timestamp":"2025-10-12T09:01:32.863Z"}
{"level":"info","message":"✅ MongoDB connected","service":"Ride sharing Backend Project","timestamp":"2025-10-12T09:01:34.126Z"}
{"level":"info","message":"Server running on localhost://3000","service":"Ride sharing Backend Project","timestamp":"2025-10-12T09:01:41.446Z"}
{"level":"info","message":"✅ MongoDB connected","service":"Ride sharing Backend Project","timestamp":"2025-10-12T09:01:42.324Z"}
{"level":"info","message":"Server running on localhost://3000","service":"Ride sharing Backend Project","timestamp":"2025-10-12T09:01:58.108Z"}
{"level":"info","message":"✅ MongoDB connected","service":"Ride sharing Backend Project","timestamp":"2025-10-12T09:01:59.060Z"}
{"level":"info","message":"Server running on localhost://3000","service":"Ride sharing Backend Project","timestamp":"2025-10-12T09:09:27.794Z"}
{"level":"info","message":"✅ MongoDB connected","service":"Ride sharing Backend Project","timestamp":"2025-10-12T09:09:28.888Z"}
{"level":"info","message":"Server running on localhost://3000","service":"Ride sharing Backend Project","timestamp":"2025-10-12T09:13:39.933Z"}
{"level":"info","message":"✅ MongoDB connected","service":"Ride sharing Backend Project","timestamp":"2025-10-12T09:13:40.902Z"}
{"level":"info","message":"Server running on localhost://3000","service":"Ride sharing Backend Project","timestamp":"2025-10-12T09:14:31.180Z"}
{"level":"info","message":"✅ MongoDB connected","service":"Ride sharing Backend Project","timestamp":"2025-10-12T09:14:32.100Z"}
{"level":"info","message":"Server running on localhost://3000","service":"Ride sharing Backend Project","timestamp":"2025-10-12T09:15:28.707Z"}
{"level":"info","message":"✅ MongoDB connected","service":"Ride sharing Backend Project","timestamp":"2025-10-12T09:15:29.743Z"}
{"level":"info","message":"Server running on localhost://3000","service":"Ride sharing Backend Project","timestamp":"2025-10-12T09:18:05.712Z"}
{"level":"info","message":"✅ MongoDB connected","service":"Ride sharing Backend Project","timestamp":"2025-10-12T09:18:06.829Z"}
{"level":"info","message":"Server running on localhost://3000","service":"Ride sharing Backend Project","timestamp":"2025-10-12T09:18:57.944Z"}
{"level":"info","message":"✅ MongoDB connected","service":"Ride sharing Backend Project","timestamp":"2025-10-12T09:18:59.099Z"}
{"level":"info","message":"Server running on localhost://3000","service":"Ride sharing Backend Project","timestamp":"2025-10-12T09:19:55.889Z"}
{"level":"info","message":"✅ MongoDB connected","service":"Ride sharing Backend Project","timestamp":"2025-10-12T09:19:56.863Z"}
{"level":"info","message":"Server running on localhost://3000","service":"Ride sharing Backend Project","timestamp":"2025-10-12T09:21:36.904Z"}
{"level":"info","message":"✅ MongoDB connected","service":"Ride sharing Backend Project","timestamp":"2025-10-12T09:21:38.076Z"}
{"level":"error","message":"Internal server error! Cast to ObjectId failed for value \"{}\" (type Object) at path \"_id\" for model \"Ride_Request_Detail\"","service":"Ride sharing Backend Project","timestamp":"2025-10-12T09:21:42.597Z"}
{"level":"info","message":"Server running on localhost://3000","service":"Ride sharing Backend Project","timestamp":"2025-10-12T09:22:29.006Z"}
{"level":"info","message":"✅ MongoDB connected","service":"Ride sharing Backend Project","timestamp":"2025-10-12T09:22:30.075Z"}
{"level":"error","message":"Internal server error! Cannot convert object to primitive value","service":"Ride sharing Backend Project","timestamp":"2025-10-12T09:22:32.817Z"}
{"level":"info","message":"Server running on localhost://3000","service":"Ride sharing Backend Project","timestamp":"2025-10-12T09:23:02.809Z"}
{"level":"info","message":"✅ MongoDB connected","service":"Ride sharing Backend Project","timestamp":"2025-10-12T09:23:03.723Z"}
{"level":"info","message":"Server running on localhost://3000","service":"Ride sharing Backend Project","timestamp":"2025-10-12T09:27:09.244Z"}
{"level":"info","message":"✅ MongoDB connected","service":"Ride sharing Backend Project","timestamp":"2025-10-12T09:27:10.295Z"}
{"level":"info","message":"Server running on localhost://3000","service":"Ride sharing Backend Project","timestamp":"2026-03-26T12:03:51.674Z"}
{"code":"ENOTFOUND","hostname":"_mongodb._tcp.cluster0.2xq4ofo.mongodb.net","level":"info","message":"❌ MongoDB connection error: querySrv ENOTFOUND _mongodb._tcp.cluster0.2xq4ofo.mongodb.net","service":"Ride sharing Backend Project","stack":"Error: querySrv ENOTFOUND _mongodb._tcp.cluster0.2xq4ofo.mongodb.net\n    at QueryReqWrap.onresolve [as oncomplete] (node:internal/dns/promises:294:17)","syscall":"querySrv","timestamp":"2026-03-26T12:03:51.963Z"}
{"level":"info","message":"Server running on localhost://3000","service":"Ride sharing Backend Project","timestamp":"2026-03-26T12:12:18.513Z"}
{"level":"info","message":"✅ MongoDB connected","service":"Ride sharing Backend Project","timestamp":"2026-03-26T12:12:19.911Z"}
{"level":"info","message":"Registraion endpont hit","service":"Ride sharing Backend Project","timestamp":"2026-03-26T12:15:26.943Z"}
{"buffer":{"data":[105,197,35,95,106,149,194,74,132,48,56,242],"type":"Buffer"},"level":"warn","message":"User saved successfully","service":"Ride sharing Backend Project","timestamp":"2026-03-26T12:15:27.535Z"}
{"level":"info","message":"Server running on localhost://3000","service":"Ride sharing Backend Project","timestamp":"2026-03-26T12:18:30.457Z"}
{"level":"info","message":"✅ MongoDB connected","service":"Ride sharing Backend Project","timestamp":"2026-03-26T12:18:31.964Z"}
